#
# A fatal error has been detected by the Java Runtime Environment:
#
#  EXCEPTION_ACCESS_VIOLATION (0xc0000005) at pc=0x6d93d78a, pid=616, tid=4464
#
# JRE version: 6.0_32-b05
# Java VM: Java HotSpot(TM) Client VM (20.7-b02 mixed mode, sharing windows-x86 )
# Problematic frame:
# V  [jvm.dll+0x7d78a]
#
# If you would like to submit a bug report, please visit:
#   http://java.sun.com/webapps/bugreport/crash.jsp
#

---------------  T H R E A D  ---------------

Current thread (0x02d6e400):  VMThread [stack: 0x02f00000,0x02f50000] [id=4464]

siginfo: ExceptionCode=0xc0000005, reading address 0x4800100c

Registers:
EAX=0x28309f98, EBX=0x375eac20, ECX=0x00000003, EDX=0x00000000
ESP=0x02f4fb30, EBP=0x02f4fb48, ESI=0x4800100c, EDI=0x28309f88
EIP=0x6d93d78a, EFLAGS=0x00010206

Top of Stack: (sp=0x02f4fb30)
0x02f4fb30:   32dd6818 000003fe 00000002 375eac28
0x02f4fb40:   28309f98 00000003 02f4fb68 6d9f8733
0x02f4fb50:   28309f78 6db30f30 37bbaf60 003efab0
0x02f4fb60:   00000003 02f4fb74 02f4fb74 6d9f8b02
0x02f4fb70:   6db30f30 02f4fb88 6d929ac4 6db3f178
0x02f4fb80:   6db30f30 003efab0 02f4fba4 6d925fc9
0x02f4fb90:   6db30f30 00000000 6db30f30 6db30f30
0x02f4fba0:   003efab0 02f4fbe4 6d9203c0 00000001 

Instructions: (pc=0x6d93d78a)
0x6d93d76a:   8b 75 08 8b 43 04 03 fe 8d 04 87 3b f8 89 45 f8
0x6d93d77a:   0f 83 9f 00 00 00 8b 37 85 f6 0f 84 87 00 00 00
0x6d93d78a:   8b 0e 83 e1 03 80 f9 03 74 7d 8b 06 c7 45 fc 03
0x6d93d79a:   00 00 00 8b 55 fc 89 16 8a 0d b9 5b b2 6d 84 c9 


Register to memory mapping:

EAX=0x28309f98 is an oop
java.util.LinkedHashSet 
 - klass: 'java/util/LinkedHashSet'
EBX=0x375eac20 is an oop
{instance class} 
 - klass: {other class}
ECX=0x00000003 is an unknown value
EDX=0x00000000 is an unknown value
ESP=0x02f4fb30 is an unknown value
EBP=0x02f4fb48 is an unknown value
ESI=0x4800100c is an unknown value
EDI=0x28309f88 is an oop
java.util.LinkedHashMap$Entry 
 - klass: 'java/util/LinkedHashMap$Entry'


Stack: [0x02f00000,0x02f50000],  sp=0x02f4fb30,  free space=318k
Native frames: (J=compiled Java code, j=interpreted, Vv=VM code, C=native code)
V  [jvm.dll+0x7d78a]
V  [jvm.dll+0x138733]
V  [jvm.dll+0x138b02]
V  [jvm.dll+0x69ac4]
V  [jvm.dll+0x65fc9]
V  [jvm.dll+0x603c0]
V  [jvm.dll+0x621f0]
V  [jvm.dll+0x62650]
V  [jvm.dll+0x611ea]
V  [jvm.dll+0x68572]
V  [jvm.dll+0x5fe18]
V  [jvm.dll+0x60211]
V  [jvm.dll+0x13b160]
V  [jvm.dll+0x11da43]
V  [jvm.dll+0x11ccee]
V  [jvm.dll+0x11d012]
V  [jvm.dll+0x11d422]
V  [jvm.dll+0x14106c]
C  [msvcr71.dll+0x9565]  endthreadex+0xa0
C  [kernel32.dll+0xb729]  GetModuleFileNameA+0x1ba

VM_Operation (0x00bee3b4): GenCollectForPermanentAllocation, mode: safepoint, requested by thread 0x003ea400


---------------  P R O C E S S  ---------------

Java Threads: ( => current thread )
  0x0387d000 JavaThread "org.hibernate.cache.UpdateTimestampsCache.data" daemon [_thread_blocked, id=2664, stack(0x04190000,0x041e0000)]
  0x03bfd400 JavaThread "javass" daemon [_thread_in_native, id=6064, stack(0x04140000,0x04190000)]
  0x03afe400 JavaThread "Druid-ConnectionPool-Destory" daemon [_thread_blocked, id=5952, stack(0x040f0000,0x04140000)]
  0x03910400 JavaThread "Druid-ConnectionPool-Create" daemon [_thread_blocked, id=3616, stack(0x040a0000,0x040f0000)]
  0x03692000 JavaThread "ReaderThread" [_thread_in_native, id=5336, stack(0x03810000,0x03860000)]
  0x02dbf000 JavaThread "Low Memory Detector" daemon [_thread_blocked, id=6116, stack(0x030e0000,0x03130000)]
  0x02db8400 JavaThread "C1 CompilerThread0" daemon [_thread_blocked, id=868, stack(0x03090000,0x030e0000)]
  0x02db6c00 JavaThread "Attach Listener" daemon [_thread_blocked, id=2152, stack(0x03040000,0x03090000)]
  0x02dd6400 JavaThread "Signal Dispatcher" daemon [_thread_blocked, id=3796, stack(0x02ff0000,0x03040000)]
  0x02daf400 JavaThread "Finalizer" daemon [_thread_blocked, id=5836, stack(0x02fa0000,0x02ff0000)]
  0x02daa800 JavaThread "Reference Handler" daemon [_thread_blocked, id=2172, stack(0x02f50000,0x02fa0000)]
  0x003ea400 JavaThread "main" [_thread_blocked, id=4248, stack(0x00ba0000,0x00bf0000)]

Other Threads:
=>0x02d6e400 VMThread [stack: 0x02f00000,0x02f50000] [id=4464]
  0x02de8000 WatcherThread [stack: 0x03130000,0x03180000] [id=5956]

VM state:at safepoint (normal execution)

VM Mutex/Monitor currently owned by a thread:  ([mutex/lock_event])
[0x003e9700] Threads_lock - owner thread: 0x02d6e400
[0x003e9b10] Heap_lock - owner thread: 0x003ea400

Heap
 def new generation   total 4992K, used 491K [0x22b90000, 0x230f0000, 0x280e0000)
  eden space 4480K,   4% used [0x22b90000, 0x22bbfa98, 0x22ff0000)
  from space 512K,  58% used [0x23070000, 0x230bb298, 0x230f0000)
  to   space 512K,   0% used [0x22ff0000, 0x22ff0000, 0x23070000)
 tenured generation   total 10944K, used 6823K [0x280e0000, 0x28b90000, 0x32b90000)
   the space 10944K,  62% used [0x280e0000, 0x28789c68, 0x28789e00, 0x28b90000)
 compacting perm gen  total 20480K, used 20480K [0x32b90000, 0x33f90000, 0x36b90000)
   the space 20480K, 100% used [0x32b90000, 0x33f90000, 0x33f90000, 0x33f90000)
    ro space 10240K,  54% used [0x36b90000, 0x3710ee18, 0x3710f000, 0x37590000)
    rw space 12288K,  55% used [0x37590000, 0x37c327d8, 0x37c32800, 0x38190000)

Code Cache  [0x00c20000, 0x00e60000, 0x02c20000)
 total_blobs=1226 nmethods=1042 adapters=118 free_code_cache=31222720 largest_free_block=10112

Dynamic libraries:
0x00400000 - 0x00425000 	C:\Program Files\Java\jdk1.6.0_32\bin\javaw.exe
0x7c920000 - 0x7c9b6000 	C:\WINDOWS\system32\ntdll.dll
0x7c800000 - 0x7c91e000 	C:\WINDOWS\system32\kernel32.dll
0x00300000 - 0x0036c000 	C:\WINDOWS\SYSTEM32\SYSFER.DLL
0x77da0000 - 0x77e49000 	C:\WINDOWS\system32\ADVAPI32.dll
0x77e50000 - 0x77ee3000 	C:\WINDOWS\system32\RPCRT4.dll
0x77fc0000 - 0x77fd1000 	C:\WINDOWS\system32\Secur32.dll
0x77d10000 - 0x77da0000 	C:\WINDOWS\system32\USER32.dll
0x77ef0000 - 0x77f39000 	C:\WINDOWS\system32\GDI32.dll
0x76300000 - 0x7631d000 	C:\WINDOWS\system32\IMM32.DLL
0x62c20000 - 0x62c29000 	C:\WINDOWS\system32\LPK.DLL
0x73fa0000 - 0x7400b000 	C:\WINDOWS\system32\USP10.dll
0x7c340000 - 0x7c396000 	C:\Program Files\Java\jdk1.6.0_32\jre\bin\msvcr71.dll
0x6d8c0000 - 0x6db6f000 	C:\Program Files\Java\jdk1.6.0_32\jre\bin\client\jvm.dll
0x76b10000 - 0x76b3a000 	C:\WINDOWS\system32\WINMM.dll
0x6d870000 - 0x6d87c000 	C:\Program Files\Java\jdk1.6.0_32\jre\bin\verify.dll
0x6d3d0000 - 0x6d3ef000 	C:\Program Files\Java\jdk1.6.0_32\jre\bin\java.dll
0x6d8b0000 - 0x6d8bf000 	C:\Program Files\Java\jdk1.6.0_32\jre\bin\zip.dll
0x6d6b0000 - 0x6d6c3000 	C:\Program Files\Java\jdk1.6.0_32\jre\bin\net.dll
0x71a20000 - 0x71a37000 	C:\WINDOWS\system32\WS2_32.dll
0x77be0000 - 0x77c38000 	C:\WINDOWS\system32\msvcrt.dll
0x71a10000 - 0x71a18000 	C:\WINDOWS\system32\WS2HELP.dll
0x719c0000 - 0x719fe000 	C:\WINDOWS\system32\mswsock.dll
0x60fd0000 - 0x61025000 	C:\WINDOWS\system32\hnetcfg.dll
0x71a00000 - 0x71a08000 	C:\WINDOWS\System32\wshtcpip.dll
0x6d600000 - 0x6d609000 	C:\Program Files\Java\jdk1.6.0_32\jre\bin\management.dll
0x76ef0000 - 0x76f17000 	C:\WINDOWS\system32\DNSAPI.dll
0x76d30000 - 0x76d48000 	C:\WINDOWS\system32\iphlpapi.dll
0x76f80000 - 0x76f88000 	C:\WINDOWS\System32\winrnr.dll
0x76f30000 - 0x76f5c000 	C:\WINDOWS\system32\WLDAP32.dll
0x76f90000 - 0x76f96000 	C:\WINDOWS\system32\rasadhlp.dll
0x68000000 - 0x68036000 	C:\WINDOWS\system32\rsaenh.dll
0x759d0000 - 0x75a7f000 	C:\WINDOWS\system32\USERENV.dll
0x5fdd0000 - 0x5fe25000 	C:\WINDOWS\system32\netapi32.dll
0x76bc0000 - 0x76bcb000 	C:\WINDOWS\system32\PSAPI.DLL

VM Arguments:
jvm_args: -Dfile.encoding=UTF-8 
java_command: org.eclipse.jdt.internal.junit.runner.RemoteTestRunner -version 3 -port 3898 -testLoaderClass org.eclipse.jdt.internal.junit4.runner.JUnit4TestLoader -loaderpluginname org.eclipse.jdt.junit4.runtime -classNames com.ylbms.test.SingleInfoServiceTest
Launcher Type: SUN_STANDARD

Environment Variables:
JAVA_HOME=C:\Program Files\Java\jdk1.6.0_32
CLASSPATH=C:\Program Files\Java\jdk1.6.0_32\lib\tools.jar
PATH=C:/Program Files/Java/jdk1.6.0_32/bin/../jre/bin/client;C:/Program Files/Java/jdk1.6.0_32/bin/../jre/bin;C:/Program Files/Java/jdk1.6.0_32/bin/../jre/lib/i386;.;C:\Program Files\Java\jdk1.6.0_32\bin;C:\WINDOWS\system32;C:\WINDOWS;C:\WINDOWS\System32\Wbem;C:\Program Files\Common ;C:\Documents and Settings\Administrator\×ÀÃæ\eclipse;
USERNAME=Administrator
OS=Windows_NT
PROCESSOR_IDENTIFIER=x86 Family 15 Model 6 Stepping 4, GenuineIntel



---------------  S Y S T E M  ---------------

OS: Windows XP Build 2600 Service Pack 3

CPU:total 2 (2 cores per cpu, 1 threads per core) family 15 model 6 stepping 4, cmov, cx8, fxsr, mmx, sse, sse2, sse3

Memory: 4k page, physical 3143748k(1608664k free), swap 4552884k(2686956k free)

vm_info: Java HotSpot(TM) Client VM (20.7-b02) for windows-x86 JRE (1.6.0_32-b05), built on Apr  5 2012 13:50:34 by "java_re" with MS VC++ 7.1 (VS2003)

time: Fri Jun 14 10:53:32 2013
elapsed time: 20 seconds

